#-----------------------------------------------------------
# Vivado v2018.2 (64-bit)
# SW Build 2258646 on Thu Jun 14 20:03:12 MDT 2018
# IP Build 2256618 on Thu Jun 14 22:10:49 MDT 2018
# Start of session at: Wed Mar 30 02:04:48 2022
# Process ID: 15252
# Current directory: C:/Users/User/Desktop/Verilog_Labs/Lab1
# Command line: vivado.exe -gui_launcher_event rodinguilauncherevent7768 C:\Users\User\Desktop\Verilog_Labs\Lab1\Lab1.xpr
# Log file: C:/Users/User/Desktop/Verilog_Labs/Lab1/vivado.log
# Journal file: C:/Users/User/Desktop/Verilog_Labs/Lab1\vivado.jou
#-----------------------------------------------------------
start_gui
open_project C:/Users/User/Desktop/Verilog_Labs/Lab1/Lab1.xpr
Scanning sources...
Finished scanning sources
INFO: [IP_Flow 19-234] Refreshing IP repositories
INFO: [IP_Flow 19-1704] No user IP repositories specified
INFO: [IP_Flow 19-2313] Loaded Vivado IP repository 'D:/Verilog/Xilinx/Vivado/2018.2/data/ip'.
open_project: Time (s): cpu = 00:00:07 ; elapsed = 00:00:13 . Memory (MB): peak = 833.043 ; gain = 125.980
launch_simulation
INFO: [Vivado 12-5682] Launching behavioral simulation in 'C:/Users/User/Desktop/Verilog_Labs/Lab1/Lab1.sim/sim_1/behav/xsim'
INFO: [SIM-utils-51] Simulation object is 'sim_1'
INFO: [SIM-utils-54] Inspecting design source files for 'mux_test' in fileset 'sim_1'...
INFO: [USF-XSim-97] Finding global include files...
INFO: [USF-XSim-98] Fetching design files from 'sim_1'...
INFO: [USF-XSim-2] XSim::Compile design
INFO: [USF-XSim-61] Executing 'COMPILE and ANALYZE' step in 'C:/Users/User/Desktop/Verilog_Labs/Lab1/Lab1.sim/sim_1/behav/xsim'
"xvlog --incr --relax -prj mux_test_vlog.prj"
INFO: [USF-XSim-69] 'compile' step finished in '2' seconds
INFO: [USF-XSim-3] XSim::Elaborate design
INFO: [USF-XSim-61] Executing 'ELABORATE' step in 'C:/Users/User/Desktop/Verilog_Labs/Lab1/Lab1.sim/sim_1/behav/xsim'
Vivado Simulator 2018.2
Copyright 1986-1999, 2001-2018 Xilinx, Inc. All Rights Reserved.
Running: D:/Verilog/Xilinx/Vivado/2018.2/bin/unwrapped/win64.o/xelab.exe -wto 055d527b02564dd686d344f8961da871 --incr --debug typical --relax --mt 2 -L xil_defaultlib -L unisims_ver -L unimacro_ver -L secureip --snapshot mux_test_behav xil_defaultlib.mux_test xil_defaultlib.glbl -log elaborate.log 
Using 2 slave threads.
Starting static elaboration
Completed static elaboration
INFO: [XSIM 43-4323] No Change in HDL. Linking previously generated obj files to create kernel
INFO: [USF-XSim-69] 'elaborate' step finished in '2' seconds
INFO: [USF-XSim-4] XSim::Simulate design
INFO: [USF-XSim-61] Executing 'SIMULATE' step in 'C:/Users/User/Desktop/Verilog_Labs/Lab1/Lab1.sim/sim_1/behav/xsim'
INFO: [USF-XSim-98] *** Running xsim
   with args "mux_test_behav -key {Behavioral:sim_1:Functional:mux_test} -tclbatch {mux_test.tcl} -log {simulate.log}"
INFO: [USF-XSim-8] Loading simulator feature
Vivado Simulator 2018.2
Time resolution is 1 ps
source mux_test.tcl
# set curr_wave [current_wave_config]
# if { [string length $curr_wave] == 0 } {
#   if { [llength [get_objects]] > 0} {
#     add_wave /
#     set_property needs_save false [current_wave_config]
#   } else {
#      send_msg_id Add_Wave-1 WARNING "No top level signals found. Simulator will start without a wave window. If you want to open a wave window go to 'File->New Waveform Configuration' or type 'create_wave_config' in the TCL console."
#   }
# }
# run 1000ns
The demux output is correct!!! S1i=0, S2i = 0, Ai = 0, Bi = 0, Ci = 0, Di = 0, Y_out = 0
The demux output is correct!!! S1i=1, S2i = 0, Ai = 0, Bi = 0, Ci = 0, Di = 0, Y_out = 0
The demux output is correct!!! S1i=0, S2i = 1, Ai = 0, Bi = 0, Ci = 0, Di = 0, Y_out = 0
The demux output is correct!!! S1i=1, S2i = 1, Ai = 0, Bi = 0, Ci = 0, Di = 0, Y_out = 0
The demux output is correct!!! S1i=0, S2i = 0, Ai = 1, Bi = 0, Ci = 0, Di = 0, Y_out = 1
The demux output is correct!!! S1i=1, S2i = 0, Ai = 1, Bi = 0, Ci = 0, Di = 0, Y_out = 0
The demux output is correct!!! S1i=0, S2i = 1, Ai = 1, Bi = 0, Ci = 0, Di = 0, Y_out = 0
The demux output is correct!!! S1i=1, S2i = 1, Ai = 1, Bi = 0, Ci = 0, Di = 0, Y_out = 0
The demux output is correct!!! S1i=0, S2i = 0, Ai = 0, Bi = 1, Ci = 0, Di = 0, Y_out = 0
The demux output is correct!!! S1i=1, S2i = 0, Ai = 0, Bi = 1, Ci = 0, Di = 0, Y_out = 1
The demux output is correct!!! S1i=0, S2i = 1, Ai = 0, Bi = 1, Ci = 0, Di = 0, Y_out = 0
The demux output is correct!!! S1i=1, S2i = 1, Ai = 0, Bi = 1, Ci = 0, Di = 0, Y_out = 0
The demux output is correct!!! S1i=0, S2i = 0, Ai = 1, Bi = 1, Ci = 0, Di = 0, Y_out = 1
The demux output is correct!!! S1i=1, S2i = 0, Ai = 1, Bi = 1, Ci = 0, Di = 0, Y_out = 1
The demux output is correct!!! S1i=0, S2i = 1, Ai = 1, Bi = 1, Ci = 0, Di = 0, Y_out = 0
The demux output is correct!!! S1i=1, S2i = 1, Ai = 1, Bi = 1, Ci = 0, Di = 0, Y_out = 0
The demux output is correct!!! S1i=0, S2i = 0, Ai = 0, Bi = 0, Ci = 1, Di = 0, Y_out = 0
The demux output is correct!!! S1i=1, S2i = 0, Ai = 0, Bi = 0, Ci = 1, Di = 0, Y_out = 0
The demux output is correct!!! S1i=0, S2i = 1, Ai = 0, Bi = 0, Ci = 1, Di = 0, Y_out = 0
The demux output is correct!!! S1i=1, S2i = 1, Ai = 0, Bi = 0, Ci = 1, Di = 0, Y_out = 1
The demux output is correct!!! S1i=0, S2i = 0, Ai = 1, Bi = 0, Ci = 1, Di = 0, Y_out = 1
The demux output is correct!!! S1i=1, S2i = 0, Ai = 1, Bi = 0, Ci = 1, Di = 0, Y_out = 0
The demux output is correct!!! S1i=0, S2i = 1, Ai = 1, Bi = 0, Ci = 1, Di = 0, Y_out = 0
The demux output is correct!!! S1i=1, S2i = 1, Ai = 1, Bi = 0, Ci = 1, Di = 0, Y_out = 1
The demux output is correct!!! S1i=0, S2i = 0, Ai = 0, Bi = 1, Ci = 1, Di = 0, Y_out = 0
The demux output is correct!!! S1i=1, S2i = 0, Ai = 0, Bi = 1, Ci = 1, Di = 0, Y_out = 1
The demux output is correct!!! S1i=0, S2i = 1, Ai = 0, Bi = 1, Ci = 1, Di = 0, Y_out = 0
The demux output is correct!!! S1i=1, S2i = 1, Ai = 0, Bi = 1, Ci = 1, Di = 0, Y_out = 1
The demux output is correct!!! S1i=0, S2i = 0, Ai = 1, Bi = 1, Ci = 1, Di = 0, Y_out = 1
The demux output is correct!!! S1i=1, S2i = 0, Ai = 1, Bi = 1, Ci = 1, Di = 0, Y_out = 1
The demux output is correct!!! S1i=0, S2i = 1, Ai = 1, Bi = 1, Ci = 1, Di = 0, Y_out = 0
The demux output is correct!!! S1i=1, S2i = 1, Ai = 1, Bi = 1, Ci = 1, Di = 0, Y_out = 1
The demux output is correct!!! S1i=0, S2i = 0, Ai = 0, Bi = 0, Ci = 0, Di = 1, Y_out = 0
The demux output is correct!!! S1i=1, S2i = 0, Ai = 0, Bi = 0, Ci = 0, Di = 1, Y_out = 0
The demux output is correct!!! S1i=0, S2i = 1, Ai = 0, Bi = 0, Ci = 0, Di = 1, Y_out = 1
The demux output is correct!!! S1i=1, S2i = 1, Ai = 0, Bi = 0, Ci = 0, Di = 1, Y_out = 0
The demux output is correct!!! S1i=0, S2i = 0, Ai = 1, Bi = 0, Ci = 0, Di = 1, Y_out = 1
The demux output is correct!!! S1i=1, S2i = 0, Ai = 1, Bi = 0, Ci = 0, Di = 1, Y_out = 0
The demux output is correct!!! S1i=0, S2i = 1, Ai = 1, Bi = 0, Ci = 0, Di = 1, Y_out = 1
The demux output is correct!!! S1i=1, S2i = 1, Ai = 1, Bi = 0, Ci = 0, Di = 1, Y_out = 0
The demux output is correct!!! S1i=0, S2i = 0, Ai = 0, Bi = 1, Ci = 0, Di = 1, Y_out = 0
The demux output is correct!!! S1i=1, S2i = 0, Ai = 0, Bi = 1, Ci = 0, Di = 1, Y_out = 1
The demux output is correct!!! S1i=0, S2i = 1, Ai = 0, Bi = 1, Ci = 0, Di = 1, Y_out = 1
The demux output is correct!!! S1i=1, S2i = 1, Ai = 0, Bi = 1, Ci = 0, Di = 1, Y_out = 0
The demux output is correct!!! S1i=0, S2i = 0, Ai = 1, Bi = 1, Ci = 0, Di = 1, Y_out = 1
The demux output is correct!!! S1i=1, S2i = 0, Ai = 1, Bi = 1, Ci = 0, Di = 1, Y_out = 1
The demux output is correct!!! S1i=0, S2i = 1, Ai = 1, Bi = 1, Ci = 0, Di = 1, Y_out = 1
The demux output is correct!!! S1i=1, S2i = 1, Ai = 1, Bi = 1, Ci = 0, Di = 1, Y_out = 0
The demux output is correct!!! S1i=0, S2i = 0, Ai = 0, Bi = 0, Ci = 1, Di = 1, Y_out = 0
The demux output is correct!!! S1i=1, S2i = 0, Ai = 0, Bi = 0, Ci = 1, Di = 1, Y_out = 0
The demux output is correct!!! S1i=0, S2i = 1, Ai = 0, Bi = 0, Ci = 1, Di = 1, Y_out = 1
The demux output is correct!!! S1i=1, S2i = 1, Ai = 0, Bi = 0, Ci = 1, Di = 1, Y_out = 1
The demux output is correct!!! S1i=0, S2i = 0, Ai = 1, Bi = 0, Ci = 1, Di = 1, Y_out = 1
The demux output is correct!!! S1i=1, S2i = 0, Ai = 1, Bi = 0, Ci = 1, Di = 1, Y_out = 0
The demux output is correct!!! S1i=0, S2i = 1, Ai = 1, Bi = 0, Ci = 1, Di = 1, Y_out = 1
The demux output is correct!!! S1i=1, S2i = 1, Ai = 1, Bi = 0, Ci = 1, Di = 1, Y_out = 1
The demux output is correct!!! S1i=0, S2i = 0, Ai = 0, Bi = 1, Ci = 1, Di = 1, Y_out = 0
The demux output is correct!!! S1i=1, S2i = 0, Ai = 0, Bi = 1, Ci = 1, Di = 1, Y_out = 1
The demux output is correct!!! S1i=0, S2i = 1, Ai = 0, Bi = 1, Ci = 1, Di = 1, Y_out = 1
The demux output is correct!!! S1i=1, S2i = 1, Ai = 0, Bi = 1, Ci = 1, Di = 1, Y_out = 1
The demux output is correct!!! S1i=0, S2i = 0, Ai = 1, Bi = 1, Ci = 1, Di = 1, Y_out = 1
The demux output is correct!!! S1i=1, S2i = 0, Ai = 1, Bi = 1, Ci = 1, Di = 1, Y_out = 1
The demux output is correct!!! S1i=0, S2i = 1, Ai = 1, Bi = 1, Ci = 1, Di = 1, Y_out = 1
The demux output is correct!!! S1i=1, S2i = 1, Ai = 1, Bi = 1, Ci = 1, Di = 1, Y_out = 1
INFO: [USF-XSim-96] XSim completed. Design snapshot 'mux_test_behav' loaded.
INFO: [USF-XSim-97] XSim simulation ran for 1000ns
launch_simulation: Time (s): cpu = 00:00:04 ; elapsed = 00:00:07 . Memory (MB): peak = 866.438 ; gain = 0.000
close_sim
INFO: [Simtcl 6-16] Simulation closed
launch_simulation
INFO: [Vivado 12-5682] Launching behavioral simulation in 'C:/Users/User/Desktop/Verilog_Labs/Lab1/Lab1.sim/sim_1/behav/xsim'
INFO: [SIM-utils-51] Simulation object is 'sim_1'
INFO: [SIM-utils-54] Inspecting design source files for 'mux_test' in fileset 'sim_1'...
INFO: [USF-XSim-97] Finding global include files...
INFO: [USF-XSim-98] Fetching design files from 'sim_1'...
INFO: [USF-XSim-2] XSim::Compile design
INFO: [USF-XSim-61] Executing 'COMPILE and ANALYZE' step in 'C:/Users/User/Desktop/Verilog_Labs/Lab1/Lab1.sim/sim_1/behav/xsim'
"xvlog --incr --relax -prj mux_test_vlog.prj"
INFO: [VRFC 10-2263] Analyzing Verilog file "C:/Users/User/Desktop/Verilog_Labs/Lab1/Lab1.srcs/sim_1/new/mux1to4.v" into library xil_defaultlib
INFO: [VRFC 10-311] analyzing module mux1to4
INFO: [VRFC 10-2263] Analyzing Verilog file "C:/Users/User/Desktop/Verilog_Labs/Lab1/Lab1.srcs/sim_1/new/mux_test.v" into library xil_defaultlib
INFO: [VRFC 10-311] analyzing module mux_test
INFO: [USF-XSim-69] 'compile' step finished in '1' seconds
INFO: [USF-XSim-3] XSim::Elaborate design
INFO: [USF-XSim-61] Executing 'ELABORATE' step in 'C:/Users/User/Desktop/Verilog_Labs/Lab1/Lab1.sim/sim_1/behav/xsim'
Vivado Simulator 2018.2
Copyright 1986-1999, 2001-2018 Xilinx, Inc. All Rights Reserved.
Running: D:/Verilog/Xilinx/Vivado/2018.2/bin/unwrapped/win64.o/xelab.exe -wto 055d527b02564dd686d344f8961da871 --incr --debug typical --relax --mt 2 -L xil_defaultlib -L unisims_ver -L unimacro_ver -L secureip --snapshot mux_test_behav xil_defaultlib.mux_test xil_defaultlib.glbl -log elaborate.log 
Using 2 slave threads.
Starting static elaboration
Completed static elaboration
Starting simulation data flow analysis
Completed simulation data flow analysis
Time Resolution for simulation is 1ps
Compiling module xil_defaultlib.mux1to4
Compiling module xil_defaultlib.mux_test
Compiling module xil_defaultlib.glbl
Built simulation snapshot mux_test_behav
INFO: [USF-XSim-69] 'elaborate' step finished in '2' seconds
INFO: [USF-XSim-4] XSim::Simulate design
INFO: [USF-XSim-61] Executing 'SIMULATE' step in 'C:/Users/User/Desktop/Verilog_Labs/Lab1/Lab1.sim/sim_1/behav/xsim'
INFO: [USF-XSim-98] *** Running xsim
   with args "mux_test_behav -key {Behavioral:sim_1:Functional:mux_test} -tclbatch {mux_test.tcl} -log {simulate.log}"
INFO: [USF-XSim-8] Loading simulator feature
Vivado Simulator 2018.2
Time resolution is 1 ps
source mux_test.tcl
# set curr_wave [current_wave_config]
# if { [string length $curr_wave] == 0 } {
#   if { [llength [get_objects]] > 0} {
#     add_wave /
#     set_property needs_save false [current_wave_config]
#   } else {
#      send_msg_id Add_Wave-1 WARNING "No top level signals found. Simulator will start without a wave window. If you want to open a wave window go to 'File->New Waveform Configuration' or type 'create_wave_config' in the TCL console."
#   }
# }
# run 1000ns
The demux output is correct!!! S1i=0, S2i = 0, Ai = 0, Bi = 0, Ci = 0, Di = 0, Y_out = 0
The demux output is correct!!! S1i=1, S2i = 0, Ai = 0, Bi = 0, Ci = 0, Di = 0, Y_out = 0
The demux output is correct!!! S1i=0, S2i = 1, Ai = 0, Bi = 0, Ci = 0, Di = 0, Y_out = 0
The demux output is correct!!! S1i=1, S2i = 1, Ai = 0, Bi = 0, Ci = 0, Di = 0, Y_out = 0
The demux output is correct!!! S1i=0, S2i = 0, Ai = 1, Bi = 0, Ci = 0, Di = 0, Y_out = 1
The demux output is correct!!! S1i=1, S2i = 0, Ai = 1, Bi = 0, Ci = 0, Di = 0, Y_out = 0
The demux output is correct!!! S1i=0, S2i = 1, Ai = 1, Bi = 0, Ci = 0, Di = 0, Y_out = 0
The demux output is correct!!! S1i=1, S2i = 1, Ai = 1, Bi = 0, Ci = 0, Di = 0, Y_out = 0
The demux output is correct!!! S1i=0, S2i = 0, Ai = 0, Bi = 1, Ci = 0, Di = 0, Y_out = 0
The demux output is correct!!! S1i=1, S2i = 0, Ai = 0, Bi = 1, Ci = 0, Di = 0, Y_out = 1
The demux output is correct!!! S1i=0, S2i = 1, Ai = 0, Bi = 1, Ci = 0, Di = 0, Y_out = 0
The demux output is correct!!! S1i=1, S2i = 1, Ai = 0, Bi = 1, Ci = 0, Di = 0, Y_out = 0
The demux output is correct!!! S1i=0, S2i = 0, Ai = 1, Bi = 1, Ci = 0, Di = 0, Y_out = 1
The demux output is correct!!! S1i=1, S2i = 0, Ai = 1, Bi = 1, Ci = 0, Di = 0, Y_out = 1
The demux output is correct!!! S1i=0, S2i = 1, Ai = 1, Bi = 1, Ci = 0, Di = 0, Y_out = 0
The demux output is correct!!! S1i=1, S2i = 1, Ai = 1, Bi = 1, Ci = 0, Di = 0, Y_out = 0
The demux output is correct!!! S1i=0, S2i = 0, Ai = 0, Bi = 0, Ci = 1, Di = 0, Y_out = 0
The demux output is correct!!! S1i=1, S2i = 0, Ai = 0, Bi = 0, Ci = 1, Di = 0, Y_out = 0
The demux output is correct!!! S1i=0, S2i = 1, Ai = 0, Bi = 0, Ci = 1, Di = 0, Y_out = 0
The demux output is correct!!! S1i=1, S2i = 1, Ai = 0, Bi = 0, Ci = 1, Di = 0, Y_out = 1
The demux output is correct!!! S1i=0, S2i = 0, Ai = 1, Bi = 0, Ci = 1, Di = 0, Y_out = 1
The demux output is correct!!! S1i=1, S2i = 0, Ai = 1, Bi = 0, Ci = 1, Di = 0, Y_out = 0
The demux output is correct!!! S1i=0, S2i = 1, Ai = 1, Bi = 0, Ci = 1, Di = 0, Y_out = 0
The demux output is correct!!! S1i=1, S2i = 1, Ai = 1, Bi = 0, Ci = 1, Di = 0, Y_out = 1
The demux output is correct!!! S1i=0, S2i = 0, Ai = 0, Bi = 1, Ci = 1, Di = 0, Y_out = 0
The demux output is correct!!! S1i=1, S2i = 0, Ai = 0, Bi = 1, Ci = 1, Di = 0, Y_out = 1
The demux output is correct!!! S1i=0, S2i = 1, Ai = 0, Bi = 1, Ci = 1, Di = 0, Y_out = 0
The demux output is correct!!! S1i=1, S2i = 1, Ai = 0, Bi = 1, Ci = 1, Di = 0, Y_out = 1
The demux output is correct!!! S1i=0, S2i = 0, Ai = 1, Bi = 1, Ci = 1, Di = 0, Y_out = 1
The demux output is correct!!! S1i=1, S2i = 0, Ai = 1, Bi = 1, Ci = 1, Di = 0, Y_out = 1
The demux output is correct!!! S1i=0, S2i = 1, Ai = 1, Bi = 1, Ci = 1, Di = 0, Y_out = 0
The demux output is correct!!! S1i=1, S2i = 1, Ai = 1, Bi = 1, Ci = 1, Di = 0, Y_out = 1
The demux output is correct!!! S1i=0, S2i = 0, Ai = 0, Bi = 0, Ci = 0, Di = 1, Y_out = 0
The demux output is correct!!! S1i=1, S2i = 0, Ai = 0, Bi = 0, Ci = 0, Di = 1, Y_out = 0
The demux output is correct!!! S1i=0, S2i = 1, Ai = 0, Bi = 0, Ci = 0, Di = 1, Y_out = 1
The demux output is correct!!! S1i=1, S2i = 1, Ai = 0, Bi = 0, Ci = 0, Di = 1, Y_out = 0
The demux output is correct!!! S1i=0, S2i = 0, Ai = 1, Bi = 0, Ci = 0, Di = 1, Y_out = 1
The demux output is correct!!! S1i=1, S2i = 0, Ai = 1, Bi = 0, Ci = 0, Di = 1, Y_out = 0
The demux output is correct!!! S1i=0, S2i = 1, Ai = 1, Bi = 0, Ci = 0, Di = 1, Y_out = 1
The demux output is correct!!! S1i=1, S2i = 1, Ai = 1, Bi = 0, Ci = 0, Di = 1, Y_out = 0
The demux output is correct!!! S1i=0, S2i = 0, Ai = 0, Bi = 1, Ci = 0, Di = 1, Y_out = 0
The demux output is correct!!! S1i=1, S2i = 0, Ai = 0, Bi = 1, Ci = 0, Di = 1, Y_out = 1
The demux output is correct!!! S1i=0, S2i = 1, Ai = 0, Bi = 1, Ci = 0, Di = 1, Y_out = 1
The demux output is correct!!! S1i=1, S2i = 1, Ai = 0, Bi = 1, Ci = 0, Di = 1, Y_out = 0
The demux output is correct!!! S1i=0, S2i = 0, Ai = 1, Bi = 1, Ci = 0, Di = 1, Y_out = 1
The demux output is correct!!! S1i=1, S2i = 0, Ai = 1, Bi = 1, Ci = 0, Di = 1, Y_out = 1
The demux output is correct!!! S1i=0, S2i = 1, Ai = 1, Bi = 1, Ci = 0, Di = 1, Y_out = 1
The demux output is correct!!! S1i=1, S2i = 1, Ai = 1, Bi = 1, Ci = 0, Di = 1, Y_out = 0
The demux output is correct!!! S1i=0, S2i = 0, Ai = 0, Bi = 0, Ci = 1, Di = 1, Y_out = 0
The demux output is correct!!! S1i=1, S2i = 0, Ai = 0, Bi = 0, Ci = 1, Di = 1, Y_out = 0
The demux output is correct!!! S1i=0, S2i = 1, Ai = 0, Bi = 0, Ci = 1, Di = 1, Y_out = 1
The demux output is correct!!! S1i=1, S2i = 1, Ai = 0, Bi = 0, Ci = 1, Di = 1, Y_out = 1
The demux output is correct!!! S1i=0, S2i = 0, Ai = 1, Bi = 0, Ci = 1, Di = 1, Y_out = 1
The demux output is correct!!! S1i=1, S2i = 0, Ai = 1, Bi = 0, Ci = 1, Di = 1, Y_out = 0
The demux output is correct!!! S1i=0, S2i = 1, Ai = 1, Bi = 0, Ci = 1, Di = 1, Y_out = 1
The demux output is correct!!! S1i=1, S2i = 1, Ai = 1, Bi = 0, Ci = 1, Di = 1, Y_out = 1
The demux output is correct!!! S1i=0, S2i = 0, Ai = 0, Bi = 1, Ci = 1, Di = 1, Y_out = 0
The demux output is correct!!! S1i=1, S2i = 0, Ai = 0, Bi = 1, Ci = 1, Di = 1, Y_out = 1
The demux output is correct!!! S1i=0, S2i = 1, Ai = 0, Bi = 1, Ci = 1, Di = 1, Y_out = 1
The demux output is correct!!! S1i=1, S2i = 1, Ai = 0, Bi = 1, Ci = 1, Di = 1, Y_out = 1
The demux output is correct!!! S1i=0, S2i = 0, Ai = 1, Bi = 1, Ci = 1, Di = 1, Y_out = 1
The demux output is correct!!! S1i=1, S2i = 0, Ai = 1, Bi = 1, Ci = 1, Di = 1, Y_out = 1
The demux output is correct!!! S1i=0, S2i = 1, Ai = 1, Bi = 1, Ci = 1, Di = 1, Y_out = 1
The demux output is correct!!! S1i=1, S2i = 1, Ai = 1, Bi = 1, Ci = 1, Di = 1, Y_out = 1
INFO: [USF-XSim-96] XSim completed. Design snapshot 'mux_test_behav' loaded.
INFO: [USF-XSim-97] XSim simulation ran for 1000ns
launch_simulation: Time (s): cpu = 00:00:02 ; elapsed = 00:00:06 . Memory (MB): peak = 894.297 ; gain = 0.000
close_sim
INFO: [Simtcl 6-16] Simulation closed
exit
INFO: [Common 17-206] Exiting Vivado at Wed Mar 30 03:03:36 2022...
